{"F:\\projekty\\brandy\\server\\server.ts": {"path":"F:\\projekty\\brandy\\server\\server.ts","statementMap":{"0":{"start":{"line":1,"column":0},"end":{"line":1,"column":26}},"1":{"start":{"line":2,"column":0},"end":{"line":2,"column":47}},"2":{"start":{"line":3,"column":0},"end":{"line":3,"column":38}},"3":{"start":{"line":4,"column":0},"end":{"line":4,"column":30}},"4":{"start":{"line":7,"column":27},"end":{"line":7,"column":36}},"5":{"start":{"line":9,"column":2},"end":{"line":9,"column":52}},"6":{"start":{"line":11,"column":2},"end":{"line":16,"column":7}},"7":{"start":{"line":12,"column":31},"end":{"line":12,"column":63}},"8":{"start":{"line":14,"column":6},"end":{"line":14,"column":24}},"9":{"start":{"line":15,"column":6},"end":{"line":15,"column":22}},"10":{"start":{"line":17,"column":2},"end":{"line":17,"column":13}},"11":{"start":{"line":20,"column":0},"end":{"line":20,"column":29}}},"fnMap":{"0":{"name":"startServer","decl":{"start":{"line":6,"column":9},"end":{"line":6,"column":20}},"loc":{"start":{"line":6,"column":20},"end":{"line":18,"column":1}}},"1":{"name":"(anonymous_2)","decl":{"start":{"line":12,"column":25},"end":{"line":12,"column":28}},"loc":{"start":{"line":12,"column":31},"end":{"line":12,"column":63}}},"2":{"name":"(anonymous_3)","decl":{"start":{"line":13,"column":17},"end":{"line":13,"column":18}},"loc":{"start":{"line":13,"column":25},"end":{"line":16,"column":5}}}},"branchMap":{},"s":{"0":1,"1":1,"2":1,"3":1,"4":1,"5":1,"6":1,"7":1,"8":0,"9":0,"10":1,"11":1},"f":{"0":1,"1":1,"2":0},"b":{}}
,"F:\\projekty\\brandy\\server\\api\\routes\\auth\\auth.ts": {"path":"F:\\projekty\\brandy\\server\\api\\routes\\auth\\auth.ts","statementMap":{"0":{"start":{"line":1,"column":0},"end":{"line":1,"column":52}},"1":{"start":{"line":2,"column":0},"end":{"line":2,"column":35}},"2":{"start":{"line":4,"column":0},"end":{"line":4,"column":48}},"3":{"start":{"line":6,"column":0},"end":{"line":6,"column":51}},"4":{"start":{"line":7,"column":0},"end":{"line":7,"column":64}},"5":{"start":{"line":9,"column":14},"end":{"line":9,"column":22}},"6":{"start":{"line":11,"column":0},"end":{"line":123,"column":2}},"7":{"start":{"line":12,"column":2},"end":{"line":12,"column":26}},"8":{"start":{"line":14,"column":2},"end":{"line":42,"column":4}},"9":{"start":{"line":18,"column":29},"end":{"line":18,"column":52}},"10":{"start":{"line":19,"column":6},"end":{"line":19,"column":70}},"11":{"start":{"line":21,"column":6},"end":{"line":40,"column":null}},"12":{"start":{"line":22,"column":36},"end":{"line":22,"column":62}},"13":{"start":{"line":24,"column":10},"end":{"line":24,"column":69}},"14":{"start":{"line":26,"column":8},"end":{"line":29,"column":11}},"15":{"start":{"line":30,"column":8},"end":{"line":33,"column":11}},"16":{"start":{"line":34,"column":8},"end":{"line":34,"column":46}},"17":{"start":{"line":36,"column":8},"end":{"line":36,"column":33}},"18":{"start":{"line":37,"column":8},"end":{"line":39,"column":null}},"19":{"start":{"line":38,"column":10},"end":{"line":38,"column":45}},"20":{"start":{"line":44,"column":2},"end":{"line":68,"column":5}},"21":{"start":{"line":45,"column":27},"end":{"line":45,"column":50}},"22":{"start":{"line":46,"column":4},"end":{"line":46,"column":68}},"23":{"start":{"line":47,"column":4},"end":{"line":67,"column":null}},"24":{"start":{"line":48,"column":6},"end":{"line":48,"column":28}},"25":{"start":{"line":49,"column":34},"end":{"line":49,"column":60}},"26":{"start":{"line":51,"column":8},"end":{"line":51,"column":64}},"27":{"start":{"line":53,"column":6},"end":{"line":56,"column":9}},"28":{"start":{"line":57,"column":6},"end":{"line":60,"column":9}},"29":{"start":{"line":61,"column":6},"end":{"line":61,"column":44}},"30":{"start":{"line":63,"column":6},"end":{"line":63,"column":31}},"31":{"start":{"line":64,"column":6},"end":{"line":66,"column":null}},"32":{"start":{"line":65,"column":8},"end":{"line":65,"column":43}},"33":{"start":{"line":70,"column":2},"end":{"line":92,"column":5}},"34":{"start":{"line":71,"column":27},"end":{"line":71,"column":50}},"35":{"start":{"line":72,"column":4},"end":{"line":72,"column":50}},"36":{"start":{"line":73,"column":4},"end":{"line":91,"column":null}},"37":{"start":{"line":74,"column":32},"end":{"line":74,"column":43}},"38":{"start":{"line":76,"column":34},"end":{"line":76,"column":60}},"39":{"start":{"line":77,"column":30},"end":{"line":78,"column":null}},"40":{"start":{"line":81,"column":6},"end":{"line":84,"column":9}},"41":{"start":{"line":85,"column":6},"end":{"line":85,"column":53}},"42":{"start":{"line":87,"column":6},"end":{"line":87,"column":31}},"43":{"start":{"line":88,"column":6},"end":{"line":90,"column":null}},"44":{"start":{"line":89,"column":8},"end":{"line":89,"column":50}},"45":{"start":{"line":94,"column":2},"end":{"line":101,"column":5}},"46":{"start":{"line":95,"column":27},"end":{"line":95,"column":50}},"47":{"start":{"line":96,"column":4},"end":{"line":96,"column":45}},"48":{"start":{"line":98,"column":4},"end":{"line":98,"column":36}},"49":{"start":{"line":99,"column":4},"end":{"line":99,"column":37}},"50":{"start":{"line":100,"column":4},"end":{"line":100,"column":46}},"51":{"start":{"line":103,"column":2},"end":{"line":122,"column":5}},"52":{"start":{"line":104,"column":27},"end":{"line":104,"column":50}},"53":{"start":{"line":105,"column":4},"end":{"line":105,"column":42}},"54":{"start":{"line":107,"column":4},"end":{"line":121,"column":null}},"55":{"start":{"line":108,"column":34},"end":{"line":108,"column":60}},"56":{"start":{"line":109,"column":6},"end":{"line":112,"column":8}},"57":{"start":{"line":113,"column":6},"end":{"line":113,"column":53}},"58":{"start":{"line":115,"column":6},"end":{"line":115,"column":34}},"59":{"start":{"line":116,"column":6},"end":{"line":116,"column":21}},"60":{"start":{"line":117,"column":6},"end":{"line":117,"column":31}},"61":{"start":{"line":118,"column":6},"end":{"line":120,"column":null}},"62":{"start":{"line":119,"column":8},"end":{"line":119,"column":50}}},"fnMap":{"0":{"name":"(anonymous_1)","decl":{"start":{"line":11,"column":15},"end":{"line":11,"column":16}},"loc":{"start":{"line":11,"column":31},"end":{"line":123,"column":1}}},"1":{"name":"(anonymous_2)","decl":{"start":{"line":17,"column":4},"end":{"line":17,"column":9}},"loc":{"start":{"line":17,"column":42},"end":{"line":41,"column":5}}},"2":{"name":"(anonymous_3)","decl":{"start":{"line":44,"column":41},"end":{"line":44,"column":46}},"loc":{"start":{"line":44,"column":60},"end":{"line":68,"column":3}}},"3":{"name":"(anonymous_4)","decl":{"start":{"line":70,"column":24},"end":{"line":70,"column":29}},"loc":{"start":{"line":70,"column":43},"end":{"line":92,"column":3}}},"4":{"name":"(anonymous_5)","decl":{"start":{"line":94,"column":23},"end":{"line":94,"column":28}},"loc":{"start":{"line":94,"column":42},"end":{"line":101,"column":3}}},"5":{"name":"(anonymous_6)","decl":{"start":{"line":103,"column":34},"end":{"line":103,"column":39}},"loc":{"start":{"line":103,"column":53},"end":{"line":122,"column":3}}}},"branchMap":{"0":{"loc":{"start":{"line":37,"column":8},"end":{"line":39,"column":null}},"type":"if","locations":[{"start":{"line":37,"column":8},"end":{"line":39,"column":null}}]},"1":{"loc":{"start":{"line":64,"column":6},"end":{"line":66,"column":null}},"type":"if","locations":[{"start":{"line":64,"column":6},"end":{"line":66,"column":null}}]},"2":{"loc":{"start":{"line":88,"column":6},"end":{"line":90,"column":null}},"type":"if","locations":[{"start":{"line":88,"column":6},"end":{"line":90,"column":null}}]},"3":{"loc":{"start":{"line":118,"column":6},"end":{"line":120,"column":null}},"type":"if","locations":[{"start":{"line":118,"column":6},"end":{"line":120,"column":null}}]}},"s":{"0":1,"1":1,"2":1,"3":1,"4":1,"5":1,"6":1,"7":1,"8":1,"9":2,"10":2,"11":2,"12":2,"13":2,"14":1,"15":1,"16":1,"17":1,"18":1,"19":1,"20":1,"21":2,"22":2,"23":2,"24":2,"25":2,"26":2,"27":1,"28":1,"29":1,"30":1,"31":1,"32":1,"33":1,"34":1,"35":1,"36":1,"37":1,"38":1,"39":1,"40":0,"41":0,"42":1,"43":1,"44":1,"45":1,"46":0,"47":0,"48":0,"49":0,"50":0,"51":1,"52":0,"53":0,"54":0,"55":0,"56":0,"57":0,"58":0,"59":0,"60":0,"61":0,"62":0},"f":{"0":1,"1":2,"2":2,"3":1,"4":0,"5":0},"b":{"0":[1],"1":[1],"2":[1],"3":[0]}}
,"F:\\projekty\\brandy\\server\\api\\routes\\auth\\validation\\index.ts": {"path":"F:\\projekty\\brandy\\server\\api\\routes\\auth\\validation\\index.ts","statementMap":{"0":{"start":{"line":2,"column":0},"end":{"line":2,"column":27}},"1":{"start":{"line":4,"column":31},"end":{"line":25,"column":1}},"2":{"start":{"line":9,"column":17},"end":{"line":16,"column":4}},"3":{"start":{"line":17,"column":2},"end":{"line":24,"column":null}},"4":{"start":{"line":18,"column":4},"end":{"line":18,"column":36}},"5":{"start":{"line":19,"column":4},"end":{"line":19,"column":11}},"6":{"start":{"line":21,"column":4},"end":{"line":23,"column":null}},"7":{"start":{"line":22,"column":6},"end":{"line":22,"column":45}},"8":{"start":{"line":4,"column":13},"end":{"line":4,"column":31}},"9":{"start":{"line":27,"column":31},"end":{"line":50,"column":1}},"10":{"start":{"line":32,"column":17},"end":{"line":40,"column":4}},"11":{"start":{"line":42,"column":2},"end":{"line":49,"column":null}},"12":{"start":{"line":43,"column":4},"end":{"line":43,"column":36}},"13":{"start":{"line":44,"column":4},"end":{"line":44,"column":11}},"14":{"start":{"line":46,"column":4},"end":{"line":48,"column":null}},"15":{"start":{"line":47,"column":6},"end":{"line":47,"column":45}},"16":{"start":{"line":27,"column":13},"end":{"line":27,"column":31}}},"fnMap":{"0":{"name":"(anonymous_6)","decl":{"start":{"line":4,"column":31},"end":{"line":4,"column":36}},"loc":{"start":{"line":8,"column":4},"end":{"line":25,"column":1}}},"1":{"name":"(anonymous_7)","decl":{"start":{"line":27,"column":31},"end":{"line":27,"column":36}},"loc":{"start":{"line":31,"column":4},"end":{"line":50,"column":1}}}},"branchMap":{"0":{"loc":{"start":{"line":21,"column":4},"end":{"line":23,"column":null}},"type":"if","locations":[{"start":{"line":21,"column":4},"end":{"line":23,"column":null}}]},"1":{"loc":{"start":{"line":46,"column":4},"end":{"line":48,"column":null}},"type":"if","locations":[{"start":{"line":46,"column":4},"end":{"line":48,"column":null}}]}},"s":{"0":1,"1":1,"2":7,"3":7,"4":7,"5":2,"6":5,"7":5,"8":1,"9":1,"10":8,"11":8,"12":8,"13":2,"14":6,"15":6,"16":1},"f":{"0":7,"1":8},"b":{"0":[5],"1":[6]}}
,"F:\\projekty\\brandy\\server\\loaders\\express.ts": {"path":"F:\\projekty\\brandy\\server\\loaders\\express.ts","statementMap":{"0":{"start":{"line":1,"column":0},"end":{"line":1,"column":30}},"1":{"start":{"line":2,"column":0},"end":{"line":2,"column":28}},"2":{"start":{"line":3,"column":0},"end":{"line":3,"column":41}},"3":{"start":{"line":5,"column":0},"end":{"line":15,"column":2}},"4":{"start":{"line":6,"column":2},"end":{"line":8,"column":5}},"5":{"start":{"line":7,"column":4},"end":{"line":7,"column":39}},"6":{"start":{"line":12,"column":2},"end":{"line":12,"column":26}},"7":{"start":{"line":13,"column":2},"end":{"line":13,"column":26}},"8":{"start":{"line":14,"column":2},"end":{"line":14,"column":20}}},"fnMap":{"0":{"name":"(anonymous_1)","decl":{"start":{"line":5,"column":15},"end":{"line":5,"column":16}},"loc":{"start":{"line":5,"column":57},"end":{"line":15,"column":1}}},"1":{"name":"(anonymous_2)","decl":{"start":{"line":6,"column":15},"end":{"line":6,"column":16}},"loc":{"start":{"line":6,"column":28},"end":{"line":8,"column":3}}}},"branchMap":{},"s":{"0":1,"1":1,"2":1,"3":1,"4":1,"5":0,"6":1,"7":1,"8":1},"f":{"0":1,"1":0},"b":{}}
,"F:\\projekty\\brandy\\server\\loaders\\index.ts": {"path":"F:\\projekty\\brandy\\server\\loaders\\index.ts","statementMap":{"0":{"start":{"line":1,"column":0},"end":{"line":1,"column":40}},"1":{"start":{"line":2,"column":0},"end":{"line":2,"column":30}},"2":{"start":{"line":3,"column":0},"end":{"line":3,"column":38}},"3":{"start":{"line":5,"column":0},"end":{"line":5,"column":54}},"4":{"start":{"line":7,"column":0},"end":{"line":21,"column":2}},"5":{"start":{"line":8,"column":26},"end":{"line":8,"column":42}},"6":{"start":{"line":9,"column":2},"end":{"line":9,"column":37}},"7":{"start":{"line":11,"column":20},"end":{"line":14,"column":4}},"8":{"start":{"line":15,"column":2},"end":{"line":17,"column":5}},"9":{"start":{"line":19,"column":2},"end":{"line":19,"column":37}},"10":{"start":{"line":20,"column":2},"end":{"line":20,"column":32}}},"fnMap":{"0":{"name":"(anonymous_1)","decl":{"start":{"line":7,"column":15},"end":{"line":7,"column":16}},"loc":{"start":{"line":7,"column":63},"end":{"line":21,"column":1}}}},"branchMap":{},"s":{"0":1,"1":1,"2":1,"3":1,"4":1,"5":1,"6":1,"7":1,"8":1,"9":1,"10":1},"f":{"0":1},"b":{}}
,"F:\\projekty\\brandy\\server\\service\\auth.ts": {"path":"F:\\projekty\\brandy\\server\\service\\auth.ts","statementMap":{"0":{"start":{"line":2,"column":0},"end":{"line":2,"column":41}},"1":{"start":{"line":3,"column":0},"end":{"line":3,"column":28}},"2":{"start":{"line":4,"column":0},"end":{"line":4,"column":31}},"3":{"start":{"line":5,"column":0},"end":{"line":5,"column":31}},"4":{"start":{"line":6,"column":0},"end":{"line":6,"column":45}},"5":{"start":{"line":10,"column":0},"end":{"line":120,"column":null}},"6":{"start":{"line":12,"column":33},"end":{"line":12,"column":60}},"7":{"start":{"line":13,"column":30},"end":{"line":13,"column":44}},"8":{"start":{"line":19,"column":30},"end":{"line":21,"column":6}},"9":{"start":{"line":22,"column":4},"end":{"line":22,"column":74}},"10":{"start":{"line":22,"column":27},"end":{"line":22,"column":74}},"11":{"start":{"line":24,"column":27},"end":{"line":24,"column":71}},"12":{"start":{"line":25,"column":23},"end":{"line":28,"column":6}},"13":{"start":{"line":30,"column":24},"end":{"line":30,"column":69}},"14":{"start":{"line":31,"column":25},"end":{"line":31,"column":71}},"15":{"start":{"line":33,"column":17},"end":{"line":33,"column":38}},"16":{"start":{"line":34,"column":4},"end":{"line":34,"column":45}},"17":{"start":{"line":36,"column":4},"end":{"line":36,"column":47}},"18":{"start":{"line":42,"column":23},"end":{"line":42,"column":79}},"19":{"start":{"line":44,"column":4},"end":{"line":46,"column":null}},"20":{"start":{"line":45,"column":6},"end":{"line":45,"column":53}},"21":{"start":{"line":48,"column":26},"end":{"line":50,"column":null}},"22":{"start":{"line":52,"column":4},"end":{"line":52,"column":70}},"23":{"start":{"line":52,"column":24},"end":{"line":52,"column":70}},"24":{"start":{"line":53,"column":4},"end":{"line":53,"column":59}},"25":{"start":{"line":55,"column":24},"end":{"line":55,"column":69}},"26":{"start":{"line":56,"column":25},"end":{"line":56,"column":71}},"27":{"start":{"line":58,"column":17},"end":{"line":58,"column":38}},"28":{"start":{"line":59,"column":4},"end":{"line":59,"column":45}},"29":{"start":{"line":61,"column":4},"end":{"line":61,"column":47}},"30":{"start":{"line":65,"column":22},"end":{"line":65,"column":67}},"31":{"start":{"line":67,"column":23},"end":{"line":67,"column":62}},"32":{"start":{"line":68,"column":4},"end":{"line":68,"column":68}},"33":{"start":{"line":68,"column":21},"end":{"line":68,"column":68}},"34":{"start":{"line":70,"column":26},"end":{"line":70,"column":77}},"35":{"start":{"line":71,"column":4},"end":{"line":71,"column":70}},"36":{"start":{"line":71,"column":24},"end":{"line":71,"column":70}},"37":{"start":{"line":73,"column":4},"end":{"line":77,"column":null}},"38":{"start":{"line":74,"column":6},"end":{"line":74,"column":32}},"39":{"start":{"line":76,"column":6},"end":{"line":76,"column":27}},"40":{"start":{"line":81,"column":17},"end":{"line":81,"column":43}},"41":{"start":{"line":82,"column":4},"end":{"line":82,"column":20}},"42":{"start":{"line":86,"column":4},"end":{"line":86,"column":33}},"43":{"start":{"line":87,"column":4},"end":{"line":87,"column":30}},"44":{"start":{"line":88,"column":4},"end":{"line":92,"column":null}},"45":{"start":{"line":89,"column":6},"end":{"line":89,"column":56}},"46":{"start":{"line":91,"column":6},"end":{"line":91,"column":58}},"47":{"start":{"line":94,"column":17},"end":{"line":94,"column":50}},"48":{"start":{"line":96,"column":24},"end":{"line":96,"column":63}},"49":{"start":{"line":97,"column":4},"end":{"line":97,"column":27}},"50":{"start":{"line":101,"column":4},"end":{"line":101,"column":62}},"51":{"start":{"line":103,"column":26},"end":{"line":103,"column":48}},"52":{"start":{"line":104,"column":22},"end":{"line":104,"column":49}},"53":{"start":{"line":106,"column":23},"end":{"line":110,"column":6}},"54":{"start":{"line":111,"column":22},"end":{"line":113,"column":31}},"55":{"start":{"line":114,"column":22},"end":{"line":116,"column":6}},"56":{"start":{"line":118,"column":4},"end":{"line":118,"column":54}},"57":{"start":{"line":10,"column":21},"end":{"line":120,"column":null}},"58":{"start":{"line":10,"column":21},"end":{"line":10,"column":null}}},"fnMap":{"0":{"name":"(anonymous_5)","decl":{"start":{"line":11,"column":2},"end":{"line":11,"column":null}},"loc":{"start":{"line":13,"column":44},"end":{"line":14,"column":6}}},"1":{"name":"(anonymous_6)","decl":{"start":{"line":16,"column":9},"end":{"line":16,"column":14}},"loc":{"start":{"line":17,"column":31},"end":{"line":37,"column":3}}},"2":{"name":"(anonymous_7)","decl":{"start":{"line":39,"column":9},"end":{"line":39,"column":14}},"loc":{"start":{"line":40,"column":25},"end":{"line":62,"column":3}}},"3":{"name":"(anonymous_8)","decl":{"start":{"line":64,"column":9},"end":{"line":64,"column":14}},"loc":{"start":{"line":64,"column":60},"end":{"line":78,"column":3}}},"4":{"name":"(anonymous_9)","decl":{"start":{"line":80,"column":10},"end":{"line":80,"column":21}},"loc":{"start":{"line":80,"column":35},"end":{"line":83,"column":3}}},"5":{"name":"(anonymous_10)","decl":{"start":{"line":85,"column":9},"end":{"line":85,"column":21}},"loc":{"start":{"line":85,"column":42},"end":{"line":98,"column":3}}},"6":{"name":"(anonymous_11)","decl":{"start":{"line":100,"column":10},"end":{"line":100,"column":23}},"loc":{"start":{"line":100,"column":73},"end":{"line":119,"column":3}}}},"branchMap":{"0":{"loc":{"start":{"line":22,"column":4},"end":{"line":22,"column":74}},"type":"if","locations":[{"start":{"line":22,"column":4},"end":{"line":22,"column":74}}]},"1":{"loc":{"start":{"line":44,"column":4},"end":{"line":46,"column":null}},"type":"if","locations":[{"start":{"line":44,"column":4},"end":{"line":46,"column":null}}]},"2":{"loc":{"start":{"line":52,"column":4},"end":{"line":52,"column":70}},"type":"if","locations":[{"start":{"line":52,"column":4},"end":{"line":52,"column":70}}]},"3":{"loc":{"start":{"line":65,"column":22},"end":{"line":65,"column":67}},"type":"binary-expr","locations":[{"start":{"line":65,"column":22},"end":{"line":65,"column":50}},{"start":{"line":65,"column":54},"end":{"line":65,"column":67}}]},"4":{"loc":{"start":{"line":68,"column":4},"end":{"line":68,"column":68}},"type":"if","locations":[{"start":{"line":68,"column":4},"end":{"line":68,"column":68}}]},"5":{"loc":{"start":{"line":71,"column":4},"end":{"line":71,"column":70}},"type":"if","locations":[{"start":{"line":71,"column":4},"end":{"line":71,"column":70}}]},"6":{"loc":{"start":{"line":104,"column":22},"end":{"line":104,"column":49}},"type":"cond-expr","locations":[{"start":{"line":104,"column":38},"end":{"line":104,"column":42}},{"start":{"line":104,"column":45},"end":{"line":104,"column":49}}]},"7":{"loc":{"start":{"line":111,"column":22},"end":{"line":113,"column":31}},"type":"cond-expr","locations":[{"start":{"line":112,"column":8},"end":{"line":112,"column":30}},{"start":{"line":113,"column":8},"end":{"line":113,"column":31}}]}},"s":{"0":1,"1":1,"2":1,"3":1,"4":1,"5":1,"6":1,"7":1,"8":2,"9":2,"10":1,"11":1,"12":1,"13":1,"14":1,"15":1,"16":1,"17":1,"18":2,"19":2,"20":0,"21":2,"22":2,"23":1,"24":1,"25":1,"26":1,"27":1,"28":1,"29":1,"30":0,"31":0,"32":0,"33":0,"34":0,"35":0,"36":0,"37":0,"38":0,"39":0,"40":0,"41":0,"42":1,"43":1,"44":1,"45":1,"46":1,"47":0,"48":0,"49":0,"50":4,"51":4,"52":4,"53":4,"54":4,"55":4,"56":4,"57":1,"58":1},"f":{"0":1,"1":2,"2":2,"3":0,"4":0,"5":1,"6":4},"b":{"0":[1],"1":[0],"2":[1],"3":[0,0],"4":[0],"5":[0],"6":[2,2],"7":[2,2]}}
}
