TN:
SF:server.ts
FN:6,startServer
FN:12,(anonymous_2)
FN:13,(anonymous_3)
FNF:3
FNH:2
FNDA:1,startServer
FNDA:1,(anonymous_2)
FNDA:0,(anonymous_3)
DA:1,1
DA:2,1
DA:3,1
DA:4,1
DA:7,1
DA:9,1
DA:11,1
DA:12,1
DA:14,0
DA:15,0
DA:17,1
DA:20,1
LF:12
LH:10
BRF:0
BRH:0
end_of_record
TN:
SF:api\routes\auth\auth.ts
FN:11,(anonymous_1)
FN:17,(anonymous_2)
FN:44,(anonymous_3)
FN:70,(anonymous_4)
FN:94,(anonymous_5)
FN:103,(anonymous_6)
FNF:6
FNH:4
FNDA:1,(anonymous_1)
FNDA:2,(anonymous_2)
FNDA:2,(anonymous_3)
FNDA:1,(anonymous_4)
FNDA:0,(anonymous_5)
FNDA:0,(anonymous_6)
DA:1,1
DA:2,1
DA:4,1
DA:6,1
DA:7,1
DA:9,1
DA:11,1
DA:12,1
DA:14,1
DA:18,2
DA:19,2
DA:21,2
DA:22,2
DA:24,2
DA:26,1
DA:30,1
DA:34,1
DA:36,1
DA:37,1
DA:38,1
DA:44,1
DA:45,2
DA:46,2
DA:47,2
DA:48,2
DA:49,2
DA:51,2
DA:53,1
DA:57,1
DA:61,1
DA:63,1
DA:64,1
DA:65,1
DA:70,1
DA:71,1
DA:72,1
DA:73,1
DA:74,1
DA:76,1
DA:77,1
DA:81,0
DA:85,0
DA:87,1
DA:88,1
DA:89,1
DA:94,1
DA:95,0
DA:96,0
DA:98,0
DA:99,0
DA:100,0
DA:103,1
DA:104,0
DA:105,0
DA:107,0
DA:108,0
DA:109,0
DA:113,0
DA:115,0
DA:116,0
DA:117,0
DA:118,0
DA:119,0
LF:63
LH:45
BRDA:37,0,0,1
BRDA:64,1,0,1
BRDA:88,2,0,1
BRDA:118,3,0,0
BRF:4
BRH:3
end_of_record
TN:
SF:api\routes\auth\validation\index.ts
FN:4,(anonymous_6)
FN:27,(anonymous_7)
FNF:2
FNH:2
FNDA:7,(anonymous_6)
FNDA:8,(anonymous_7)
DA:2,1
DA:4,1
DA:9,7
DA:17,7
DA:18,7
DA:19,2
DA:21,5
DA:22,5
DA:27,1
DA:32,8
DA:42,8
DA:43,8
DA:44,2
DA:46,6
DA:47,6
LF:15
LH:15
BRDA:21,0,0,5
BRDA:46,1,0,6
BRF:2
BRH:2
end_of_record
TN:
SF:loaders\express.ts
FN:5,(anonymous_1)
FN:6,(anonymous_2)
FNF:2
FNH:1
FNDA:1,(anonymous_1)
FNDA:0,(anonymous_2)
DA:1,1
DA:2,1
DA:3,1
DA:5,1
DA:6,1
DA:7,0
DA:12,1
DA:13,1
DA:14,1
LF:9
LH:8
BRF:0
BRH:0
end_of_record
TN:
SF:loaders\index.ts
FN:7,(anonymous_1)
FNF:1
FNH:1
FNDA:1,(anonymous_1)
DA:1,1
DA:2,1
DA:3,1
DA:5,1
DA:7,1
DA:8,1
DA:9,1
DA:11,1
DA:15,1
DA:19,1
DA:20,1
LF:11
LH:11
BRF:0
BRH:0
end_of_record
TN:
SF:service\auth.ts
FN:11,(anonymous_5)
FN:16,(anonymous_6)
FN:39,(anonymous_7)
FN:64,(anonymous_8)
FN:80,(anonymous_9)
FN:85,(anonymous_10)
FN:100,(anonymous_11)
FNF:7
FNH:5
FNDA:1,(anonymous_5)
FNDA:2,(anonymous_6)
FNDA:2,(anonymous_7)
FNDA:0,(anonymous_8)
FNDA:0,(anonymous_9)
FNDA:1,(anonymous_10)
FNDA:4,(anonymous_11)
DA:2,1
DA:3,1
DA:4,1
DA:5,1
DA:6,1
DA:10,1
DA:12,1
DA:13,1
DA:19,2
DA:22,2
DA:24,1
DA:25,1
DA:30,1
DA:31,1
DA:33,1
DA:34,1
DA:36,1
DA:42,2
DA:44,2
DA:45,0
DA:48,2
DA:52,2
DA:53,1
DA:55,1
DA:56,1
DA:58,1
DA:59,1
DA:61,1
DA:65,0
DA:67,0
DA:68,0
DA:70,0
DA:71,0
DA:73,0
DA:74,0
DA:76,0
DA:81,0
DA:82,0
DA:86,1
DA:87,1
DA:88,1
DA:89,1
DA:91,1
DA:94,0
DA:96,0
DA:97,0
DA:101,4
DA:103,4
DA:104,4
DA:106,4
DA:111,4
DA:114,4
DA:118,4
LF:53
LH:39
BRDA:22,0,0,1
BRDA:44,1,0,0
BRDA:52,2,0,1
BRDA:65,3,0,0
BRDA:65,3,1,0
BRDA:68,4,0,0
BRDA:71,5,0,0
BRDA:104,6,0,2
BRDA:104,6,1,2
BRDA:111,7,0,2
BRDA:111,7,1,2
BRF:11
BRH:6
end_of_record
